[11/Nov/2014 09:27:14] ERROR [cheevo.views:58] user ID not found - 76561198017855478
[11/Nov/2014 09:27:41] ERROR [cheevo.views:58] user ID not found - 76561198017855478
[11/Nov/2014 09:27:51] ERROR [cheevo.views:58] user ID not found - 1
[11/Nov/2014 09:27:55] ERROR [cheevo.views:58] user ID not found - a
[11/Nov/2014 09:27:59] ERROR [cheevo.views:58] user ID not found - 76561198017855478
[11/Nov/2014 09:31:38] ERROR [cheevo.views:68] user ID not valid
[11/Nov/2014 12:41:42] INFO [cheevo.views:96] zaladowano liste gier dla uzytkownika: celebezy
[11/Nov/2014 12:41:42] INFO [cheevo.views:104] odswiezono liste gier uzytkownika!
[11/Nov/2014 12:41:50] INFO [cheevo.views:96] zaladowano liste gier dla uzytkownika: celebezy
[11/Nov/2014 12:41:50] INFO [cheevo.views:132] jeszcze tylko 3593 sekund do mozliwosci odswiezenia
[11/Nov/2014 12:42:08] INFO [cheevo.views:96] zaladowano liste gier dla uzytkownika: 76561198047171144
[11/Nov/2014 12:42:08] INFO [cheevo.views:104] odswiezono liste gier uzytkownika!
[11/Nov/2014 12:46:56] INFO [cheevo.views:100] zaladowano liste gier dla uzytkownika: celebezy
[11/Nov/2014 12:46:56] INFO [cheevo.views:136] jeszcze tylko 3286 sekund do mozliwosci odswiezenia
[11/Nov/2014 12:47:40] INFO [cheevo.views:100] zaladowano liste gier dla uzytkownika: 76561198047171144
[11/Nov/2014 12:47:40] INFO [cheevo.views:136] jeszcze tylko 3268 sekund do mozliwosci odswiezenia
[11/Nov/2014 12:48:09] INFO [cheevo.views:101] zaladowano liste gier dla uzytkownika: 76561198047171144
[11/Nov/2014 12:48:09] INFO [cheevo.views:137] jeszcze tylko 3239 sekund do mozliwosci odswiezenia
[11/Nov/2014 12:49:04] INFO [cheevo.views:101] zaladowano liste gier dla uzytkownika: 76561198047171144
[11/Nov/2014 12:49:04] INFO [cheevo.views:109] odswiezono liste gier uzytkownika!
[11/Nov/2014 12:50:21] INFO [cheevo.views:102] zaladowano liste gier dla uzytkownika: 76561198047171144
[11/Nov/2014 12:50:21] INFO [cheevo.views:110] odswiezono liste gier uzytkownika!
[11/Nov/2014 12:58:42] INFO [cheevo.views:102] zaladowano liste gier dla uzytkownika: 76561198047171144
[11/Nov/2014 12:58:42] INFO [cheevo.views:110] odswiezono liste gier uzytkownika!
[11/Nov/2014 12:59:02] INFO [cheevo.views:57] user ID = 76561198017855478
[11/Nov/2014 12:59:02] INFO [cheevo.views:102] zaladowano liste gier dla uzytkownika: celebezy
[11/Nov/2014 12:59:02] INFO [cheevo.views:110] odswiezono liste gier uzytkownika!
[11/Nov/2014 17:52:21] INFO [cheevo.views:57] user ID = 76561198068282737
[11/Nov/2014 17:52:22] INFO [cheevo.views:102] zaladowano liste gier dla uzytkownika: ludo237
[11/Nov/2014 17:52:22] INFO [cheevo.views:110] odswiezono liste gier uzytkownika!
[11/Nov/2014 17:59:09] INFO [cheevo.views:57] user ID = 76561198068282737
[11/Nov/2014 17:59:10] INFO [cheevo.views:102] zaladowano liste gier dla uzytkownika: ludo237
[11/Nov/2014 17:59:10] INFO [cheevo.views:110] odswiezono liste gier uzytkownika!
[11/Nov/2014 18:00:02] INFO [cheevo.views:102] zaladowano liste gier dla uzytkownika: ludo237
[11/Nov/2014 18:00:02] INFO [cheevo.views:142] jeszcze tylko 3549 sekund do mozliwosci odswiezenia
[11/Nov/2014 18:00:52] INFO [cheevo.views:102] zaladowano liste gier dla uzytkownika: ludo237
[11/Nov/2014 18:00:52] INFO [cheevo.views:142] jeszcze tylko 3499 sekund do mozliwosci odswiezenia
[11/Nov/2014 18:01:05] INFO [cheevo.views:102] zaladowano liste gier dla uzytkownika: ludo237
[11/Nov/2014 18:01:05] INFO [cheevo.views:142] jeszcze tylko 3485 sekund do mozliwosci odswiezenia
